mobile_app/build/app/intermediates/manifest_merge_blame_file/debug/manifest-merger-blame-debug-report.txt
1<?xml version="1.0" encoding="utf-8"?>
2<manifest xmlns:android="http://schemas.android.com/apk/res/android"
3    package="com.example.e_commerce"
4    android:versionCode="1"
5    android:versionName="1.0.0" >
6
7    <uses-sdk
8        android:minSdkVersion="21"
9        android:targetSdkVersion="33" />
10    <!--
11         The INTERNET permission is required for development. Specifically,
12         the Flutter tool needs it to communicate with the running application
13         to allow setting breakpoints, to provide hot reload, etc.
14    -->
15    <uses-permission android:name="android.permission.INTERNET" />
15-->src\main\AndroidManifest.xml:8:5-67
15-->src\main\AndroidManifest.xml:8:22-64
16
17    <queries>
17-->src\main\AndroidManifest.xml:2:5-7:15
18        <intent>
18-->src\main\AndroidManifest.xml:3:9-6:18
19            <action android:name="android.intent.action.SENDTO" />
19-->src\main\AndroidManifest.xml:4:13-67
19-->src\main\AndroidManifest.xml:4:21-64
20
21            <data android:scheme="mailto" />
21-->src\main\AndroidManifest.xml:5:13-45
21-->src\main\AndroidManifest.xml:5:19-42
22        </intent>
23
24        <package android:name="com.facebook.katana" />
24-->[com.facebook.android:facebook-common:17.0.0] AndroidManifest.xml:18:9-55
24-->[com.facebook.android:facebook-common:17.0.0] AndroidManifest.xml:18:18-52
25    </queries>
26
27    <uses-permission android:name="android.permission.WAKE_LOCK" />
27-->[:firebase_messaging] AndroidManifest.xml:10:5-68
27-->[:firebase_messaging] AndroidManifest.xml:10:22-65
28    <uses-permission android:name="android.permission.ACCESS_NETWORK_STATE" /> <!-- Permissions options for the `notification` group -->
28-->[:firebase_messaging] AndroidManifest.xml:11:5-79
28-->[:firebase_messaging] AndroidManifest.xml:11:22-76
29    <uses-permission android:name="android.permission.POST_NOTIFICATIONS" /> <!-- Required by older versions of Google Play services to create IID tokens -->
29-->[:firebase_messaging] AndroidManifest.xml:13:5-77
29-->[:firebase_messaging] AndroidManifest.xml:13:22-74
30    <uses-permission android:name="com.google.android.c2dm.permission.RECEIVE" />
30-->[com.google.firebase:firebase-messaging:23.4.1] AndroidManifest.xml:26:5-82
30-->[com.google.firebase:firebase-messaging:23.4.1] AndroidManifest.xml:26:22-79
31    <uses-permission android:name="com.google.android.providers.gsf.permission.READ_GSERVICES" />
31-->[com.google.android.recaptcha:recaptcha:18.4.0] AndroidManifest.xml:9:5-98
31-->[com.google.android.recaptcha:recaptcha:18.4.0] AndroidManifest.xml:9:22-95
32    <uses-permission android:name="com.google.android.gms.permission.AD_ID" />
32-->[com.facebook.android:facebook-core:17.0.0] AndroidManifest.xml:16:5-79
32-->[com.facebook.android:facebook-core:17.0.0] AndroidManifest.xml:16:22-76
33
34    <permission
34-->[androidx.core:core:1.13.1] AndroidManifest.xml:22:5-24:47
35        android:name="com.example.e_commerce.DYNAMIC_RECEIVER_NOT_EXPORTED_PERMISSION"
35-->[androidx.core:core:1.13.1] AndroidManifest.xml:23:9-81
36        android:protectionLevel="signature" />
36-->[androidx.core:core:1.13.1] AndroidManifest.xml:24:9-44
37
38    <uses-permission android:name="com.example.e_commerce.DYNAMIC_RECEIVER_NOT_EXPORTED_PERMISSION" />
38-->[androidx.core:core:1.13.1] AndroidManifest.xml:26:5-97
38-->[androidx.core:core:1.13.1] AndroidManifest.xml:26:22-94
39    <uses-permission android:name="com.google.android.finsky.permission.BIND_GET_INSTALL_REFERRER_SERVICE" />
39-->[com.android.installreferrer:installreferrer:1.0] AndroidManifest.xml:9:5-110
39-->[com.android.installreferrer:installreferrer:1.0] AndroidManifest.xml:9:22-107
40
41    <application
42        android:name="android.app.Application"
43        android:appComponentFactory="androidx.core.app.CoreComponentFactory"
43-->[androidx.core:core:1.13.1] AndroidManifest.xml:28:18-86
44        android:debuggable="true"
45        android:icon="@mipmap/ic_launcher"
46        android:label="clot"
47        android:supportsRtl="true" >
47-->[com.facebook.android:facebook-login:17.0.0] AndroidManifest.xml:16:18-44
48        <activity
49            android:name="com.example.e_commerce.MainActivity"
50            android:configChanges="orientation|keyboardHidden|keyboard|screenSize|smallestScreenSize|locale|layoutDirection|fontScale|screenLayout|density|uiMode"
51            android:exported="true"
52            android:hardwareAccelerated="true"
53            android:launchMode="singleTop"
54            android:theme="@style/LaunchTheme"
55            android:usesCleartextTraffic="true"
56            android:windowSoftInputMode="adjustResize" >
57
58            <!--
59                 Specifies an Android theme to apply to this Activity as soon as
60                 the Android process has started. This theme is visible to the user
61                 while the Flutter UI initializes. After that, this theme continues
62                 to determine the Window background behind the Flutter UI.
63            -->
64            <meta-data
65                android:name="io.flutter.embedding.android.NormalTheme"
66                android:resource="@style/NormalTheme" />
67
68            <intent-filter>
69                <action android:name="android.intent.action.MAIN" />
70
71                <category android:name="android.intent.category.LAUNCHER" />
72
73                <action android:name="FLUTTER_NOTIFICATION_CLICK" />
74
75                <category android:name="android.intent.category.DEFAULT" />
75-->[com.google.firebase:firebase-auth:22.3.1] AndroidManifest.xml:38:17-76
75-->[com.google.firebase:firebase-auth:22.3.1] AndroidManifest.xml:38:27-73
76            </intent-filter>
77        </activity>
78        <!--
79             Don't delete the meta-data below.
80             This is used by the Flutter tool to generate GeneratedPluginRegistrant.java
81        -->
82        <meta-data
83            android:name="flutterEmbedding"
84            android:value="2" />
85
86        <service
86-->[:firebase_auth] AndroidManifest.xml:10:9-14:19
87            android:name="com.google.firebase.components.ComponentDiscoveryService"
87-->[:firebase_auth] AndroidManifest.xml:10:18-89
88            android:directBootAware="true"
88-->[com.google.firebase:firebase-common:20.4.3] AndroidManifest.xml:32:13-43
89            android:exported="false" >
89-->[com.google.firebase:firebase-auth:22.3.1] AndroidManifest.xml:68:13-37
90            <meta-data
90-->[:firebase_auth] AndroidManifest.xml:11:13-13:85
91                android:name="com.google.firebase.components:io.flutter.plugins.firebase.auth.FlutterFirebaseAuthRegistrar"
91-->[:firebase_auth] AndroidManifest.xml:12:17-124
92                android:value="com.google.firebase.components.ComponentRegistrar" />
92-->[:firebase_auth] AndroidManifest.xml:13:17-82
93            <meta-data
93-->[:firebase_messaging] AndroidManifest.xml:38:13-40:85
94                android:name="com.google.firebase.components:io.flutter.plugins.firebase.messaging.FlutterFirebaseAppRegistrar"
94-->[:firebase_messaging] AndroidManifest.xml:39:17-128
95                android:value="com.google.firebase.components.ComponentRegistrar" />
95-->[:firebase_messaging] AndroidManifest.xml:40:17-82
96            <meta-data
96-->[:firebase_core] AndroidManifest.xml:11:13-13:85
97                android:name="com.google.firebase.components:io.flutter.plugins.firebase.core.FlutterFirebaseCoreRegistrar"
97-->[:firebase_core] AndroidManifest.xml:12:17-124
98                android:value="com.google.firebase.components.ComponentRegistrar" />
98-->[:firebase_core] AndroidManifest.xml:13:17-82
99            <meta-data
99-->[com.google.firebase:firebase-auth:22.3.1] AndroidManifest.xml:69:13-71:85
100                android:name="com.google.firebase.components:com.google.firebase.auth.FirebaseAuthRegistrar"
100-->[com.google.firebase:firebase-auth:22.3.1] AndroidManifest.xml:70:17-109
101                android:value="com.google.firebase.components.ComponentRegistrar" />
101-->[com.google.firebase:firebase-auth:22.3.1] AndroidManifest.xml:71:17-82
102            <meta-data
102-->[com.google.firebase:firebase-messaging:23.4.1] AndroidManifest.xml:57:13-59:85
103                android:name="com.google.firebase.components:com.google.firebase.messaging.FirebaseMessagingKtxRegistrar"
103-->[com.google.firebase:firebase-messaging:23.4.1] AndroidManifest.xml:58:17-122
104                android:value="com.google.firebase.components.ComponentRegistrar" />
104-->[com.google.firebase:firebase-messaging:23.4.1] AndroidManifest.xml:59:17-82
105            <meta-data
105-->[com.google.firebase:firebase-messaging:23.4.1] AndroidManifest.xml:60:13-62:85
106                android:name="com.google.firebase.components:com.google.firebase.messaging.FirebaseMessagingRegistrar"
106-->[com.google.firebase:firebase-messaging:23.4.1] AndroidManifest.xml:61:17-119
107                android:value="com.google.firebase.components.ComponentRegistrar" />
107-->[com.google.firebase:firebase-messaging:23.4.1] AndroidManifest.xml:62:17-82
108            <meta-data
108-->[com.google.firebase:firebase-installations:17.2.0] AndroidManifest.xml:15:13-17:85
109                android:name="com.google.firebase.components:com.google.firebase.installations.FirebaseInstallationsKtxRegistrar"
109-->[com.google.firebase:firebase-installations:17.2.0] AndroidManifest.xml:16:17-130
110                android:value="com.google.firebase.components.ComponentRegistrar" />
110-->[com.google.firebase:firebase-installations:17.2.0] AndroidManifest.xml:17:17-82
111            <meta-data
111-->[com.google.firebase:firebase-installations:17.2.0] AndroidManifest.xml:18:13-20:85
112                android:name="com.google.firebase.components:com.google.firebase.installations.FirebaseInstallationsRegistrar"
112-->[com.google.firebase:firebase-installations:17.2.0] AndroidManifest.xml:19:17-127
113                android:value="com.google.firebase.components.ComponentRegistrar" />
113-->[com.google.firebase:firebase-installations:17.2.0] AndroidManifest.xml:20:17-82
114            <meta-data
114-->[com.google.firebase:firebase-common-ktx:20.4.3] AndroidManifest.xml:12:13-14:85
115                android:name="com.google.firebase.components:com.google.firebase.ktx.FirebaseCommonLegacyRegistrar"
115-->[com.google.firebase:firebase-common-ktx:20.4.3] AndroidManifest.xml:13:17-116
116                android:value="com.google.firebase.components.ComponentRegistrar" />
116-->[com.google.firebase:firebase-common-ktx:20.4.3] AndroidManifest.xml:14:17-82
117            <meta-data
117-->[com.google.firebase:firebase-common:20.4.3] AndroidManifest.xml:35:13-37:85
118                android:name="com.google.firebase.components:com.google.firebase.FirebaseCommonKtxRegistrar"
118-->[com.google.firebase:firebase-common:20.4.3] AndroidManifest.xml:36:17-109
119                android:value="com.google.firebase.components.ComponentRegistrar" />
119-->[com.google.firebase:firebase-common:20.4.3] AndroidManifest.xml:37:17-82
120            <meta-data
120-->[com.google.firebase:firebase-datatransport:18.1.7] AndroidManifest.xml:27:13-29:85
121                android:name="com.google.firebase.components:com.google.firebase.datatransport.TransportRegistrar"
121-->[com.google.firebase:firebase-datatransport:18.1.7] AndroidManifest.xml:28:17-115
122                android:value="com.google.firebase.components.ComponentRegistrar" />
122-->[com.google.firebase:firebase-datatransport:18.1.7] AndroidManifest.xml:29:17-82
123        </service>
124        <service
124-->[:firebase_messaging] AndroidManifest.xml:16:9-19:72
125            android:name="io.flutter.plugins.firebase.messaging.FlutterFirebaseMessagingBackgroundService"
125-->[:firebase_messaging] AndroidManifest.xml:17:13-107
126            android:exported="false"
126-->[:firebase_messaging] AndroidManifest.xml:18:13-37
127            android:permission="android.permission.BIND_JOB_SERVICE" />
127-->[:firebase_messaging] AndroidManifest.xml:19:13-69
128        <service
128-->[:firebase_messaging] AndroidManifest.xml:20:9-26:19
129            android:name="io.flutter.plugins.firebase.messaging.FlutterFirebaseMessagingService"
129-->[:firebase_messaging] AndroidManifest.xml:21:13-97
130            android:exported="false" >
130-->[:firebase_messaging] AndroidManifest.xml:22:13-37
131            <intent-filter>
131-->[:firebase_messaging] AndroidManifest.xml:23:13-25:29
132                <action android:name="com.google.firebase.MESSAGING_EVENT" />
132-->[:firebase_messaging] AndroidManifest.xml:24:17-78
132-->[:firebase_messaging] AndroidManifest.xml:24:25-75
133            </intent-filter>
134        </service>
135
136        <receiver
136-->[:firebase_messaging] AndroidManifest.xml:28:9-35:20
137            android:name="io.flutter.plugins.firebase.messaging.FlutterFirebaseMessagingReceiver"
137-->[:firebase_messaging] AndroidManifest.xml:29:13-98
138            android:exported="true"
138-->[:firebase_messaging] AndroidManifest.xml:30:13-36
139            android:permission="com.google.android.c2dm.permission.SEND" >
139-->[:firebase_messaging] AndroidManifest.xml:31:13-73
140            <intent-filter>
140-->[:firebase_messaging] AndroidManifest.xml:32:13-34:29
141                <action android:name="com.google.android.c2dm.intent.RECEIVE" />
141-->[:firebase_messaging] AndroidManifest.xml:33:17-81
141-->[:firebase_messaging] AndroidManifest.xml:33:25-78
142            </intent-filter>
143        </receiver>
144
145        <provider
145-->[:firebase_messaging] AndroidManifest.xml:43:9-47:38
146            android:name="io.flutter.plugins.firebase.messaging.FlutterFirebaseMessagingInitProvider"
146-->[:firebase_messaging] AndroidManifest.xml:44:13-102
147            android:authorities="com.example.e_commerce.flutterfirebasemessaginginitprovider"
147-->[:firebase_messaging] AndroidManifest.xml:45:13-88
148            android:exported="false"
148-->[:firebase_messaging] AndroidManifest.xml:46:13-37
149            android:initOrder="99" />
149-->[:firebase_messaging] AndroidManifest.xml:47:13-35
150        <provider
150-->[:image_picker_android] AndroidManifest.xml:11:9-19:20
151            android:name="io.flutter.plugins.imagepicker.ImagePickerFileProvider"
151-->[:image_picker_android] AndroidManifest.xml:12:13-82
152            android:authorities="com.example.e_commerce.flutter.image_provider"
152-->[:image_picker_android] AndroidManifest.xml:13:13-74
153            android:exported="false"
153-->[:image_picker_android] AndroidManifest.xml:14:13-37
154            android:grantUriPermissions="true" >
154-->[:image_picker_android] AndroidManifest.xml:15:13-47
155            <meta-data
155-->[:image_picker_android] AndroidManifest.xml:16:13-18:75
156                android:name="android.support.FILE_PROVIDER_PATHS"
156-->[:image_picker_android] AndroidManifest.xml:17:17-67
157                android:resource="@xml/flutter_image_picker_file_paths" />
157-->[:image_picker_android] AndroidManifest.xml:18:17-72
158        </provider> <!-- Trigger Google Play services to install the backported photo picker module. -->
159        <service
159-->[:image_picker_android] AndroidManifest.xml:21:9-33:19
160            android:name="com.google.android.gms.metadata.ModuleDependencies"
160-->[:image_picker_android] AndroidManifest.xml:22:13-78
161            android:enabled="false"
161-->[:image_picker_android] AndroidManifest.xml:23:13-36
162            android:exported="false" >
162-->[:image_picker_android] AndroidManifest.xml:24:13-37
163            <intent-filter>
163-->[:image_picker_android] AndroidManifest.xml:26:13-28:29
164                <action android:name="com.google.android.gms.metadata.MODULE_DEPENDENCIES" />
164-->[:image_picker_android] AndroidManifest.xml:27:17-94
164-->[:image_picker_android] AndroidManifest.xml:27:25-91
165            </intent-filter>
166
167            <meta-data
167-->[:image_picker_android] AndroidManifest.xml:30:13-32:36
168                android:name="photopicker_activity:0:required"
168-->[:image_picker_android] AndroidManifest.xml:31:17-63
169                android:value="" />
169-->[:image_picker_android] AndroidManifest.xml:32:17-33
170        </service>
171
172        <activity
172-->[:url_launcher_android] AndroidManifest.xml:10:9-13:74
173            android:name="io.flutter.plugins.urllauncher.WebViewActivity"
173-->[:url_launcher_android] AndroidManifest.xml:11:13-74
174            android:exported="false"
174-->[:url_launcher_android] AndroidManifest.xml:12:13-37
175            android:theme="@android:style/Theme.NoTitleBar.Fullscreen" />
175-->[:url_launcher_android] AndroidManifest.xml:13:13-71
176        <activity
176-->[com.google.android.gms:play-services-auth:21.0.0] AndroidManifest.xml:23:9-27:75
177            android:name="com.google.android.gms.auth.api.signin.internal.SignInHubActivity"
177-->[com.google.android.gms:play-services-auth:21.0.0] AndroidManifest.xml:24:13-93
178            android:excludeFromRecents="true"
178-->[com.google.android.gms:play-services-auth:21.0.0] AndroidManifest.xml:25:13-46
179            android:exported="false"
179-->[com.google.android.gms:play-services-auth:21.0.0] AndroidManifest.xml:26:13-37
180            android:theme="@android:style/Theme.Translucent.NoTitleBar" />
180-->[com.google.android.gms:play-services-auth:21.0.0] AndroidManifest.xml:27:13-72
181        <!--
182            Service handling Google Sign-In user revocation. For apps that do not integrate with
183            Google Sign-In, this service will never be started.
184        -->
185        <service
185-->[com.google.android.gms:play-services-auth:21.0.0] AndroidManifest.xml:33:9-37:51
186            android:name="com.google.android.gms.auth.api.signin.RevocationBoundService"
186-->[com.google.android.gms:play-services-auth:21.0.0] AndroidManifest.xml:34:13-89
187            android:exported="true"
187-->[com.google.android.gms:play-services-auth:21.0.0] AndroidManifest.xml:35:13-36
188            android:permission="com.google.android.gms.auth.api.signin.permission.REVOCATION_NOTIFICATION"
188-->[com.google.android.gms:play-services-auth:21.0.0] AndroidManifest.xml:36:13-107
189            android:visibleToInstantApps="true" />
189-->[com.google.android.gms:play-services-auth:21.0.0] AndroidManifest.xml:37:13-48
190
191        <activity
191-->[com.google.firebase:firebase-auth:22.3.1] AndroidManifest.xml:29:9-46:20
192            android:name="com.google.firebase.auth.internal.GenericIdpActivity"
192-->[com.google.firebase:firebase-auth:22.3.1] AndroidManifest.xml:30:13-80
193            android:excludeFromRecents="true"
193-->[com.google.firebase:firebase-auth:22.3.1] AndroidManifest.xml:31:13-46
194            android:exported="true"
194-->[com.google.firebase:firebase-auth:22.3.1] AndroidManifest.xml:32:13-36
195            android:launchMode="singleTask"
195-->[com.google.firebase:firebase-auth:22.3.1] AndroidManifest.xml:33:13-44
196            android:theme="@android:style/Theme.Translucent.NoTitleBar" >
196-->[com.google.firebase:firebase-auth:22.3.1] AndroidManifest.xml:34:13-72
197            <intent-filter>
197-->[com.google.firebase:firebase-auth:22.3.1] AndroidManifest.xml:35:13-45:29
198                <action android:name="android.intent.action.VIEW" />
198-->[com.google.firebase:firebase-auth:22.3.1] AndroidManifest.xml:36:17-69
198-->[com.google.firebase:firebase-auth:22.3.1] AndroidManifest.xml:36:25-66
199
200                <category android:name="android.intent.category.DEFAULT" />
200-->[com.google.firebase:firebase-auth:22.3.1] AndroidManifest.xml:38:17-76
200-->[com.google.firebase:firebase-auth:22.3.1] AndroidManifest.xml:38:27-73
201                <category android:name="android.intent.category.BROWSABLE" />
201-->[com.google.firebase:firebase-auth:22.3.1] AndroidManifest.xml:39:17-78
201-->[com.google.firebase:firebase-auth:22.3.1] AndroidManifest.xml:39:27-75
202
203                <data
203-->src\main\AndroidManifest.xml:5:13-45
204                    android:host="firebase.auth"
205                    android:path="/"
206                    android:scheme="genericidp" />
206-->src\main\AndroidManifest.xml:5:19-42
207            </intent-filter>
208        </activity>
209        <activity
209-->[com.google.firebase:firebase-auth:22.3.1] AndroidManifest.xml:47:9-64:20
210            android:name="com.google.firebase.auth.internal.RecaptchaActivity"
210-->[com.google.firebase:firebase-auth:22.3.1] AndroidManifest.xml:48:13-79
211            android:excludeFromRecents="true"
211-->[com.google.firebase:firebase-auth:22.3.1] AndroidManifest.xml:49:13-46
212            android:exported="true"
212-->[com.google.firebase:firebase-auth:22.3.1] AndroidManifest.xml:50:13-36
213            android:launchMode="singleTask"
213-->[com.google.firebase:firebase-auth:22.3.1] AndroidManifest.xml:51:13-44
214            android:theme="@android:style/Theme.Translucent.NoTitleBar" >
214-->[com.google.firebase:firebase-auth:22.3.1] AndroidManifest.xml:52:13-72
215            <intent-filter>
215-->[com.google.firebase:firebase-auth:22.3.1] AndroidManifest.xml:53:13-63:29
216                <action android:name="android.intent.action.VIEW" />
216-->[com.google.firebase:firebase-auth:22.3.1] AndroidManifest.xml:36:17-69
216-->[com.google.firebase:firebase-auth:22.3.1] AndroidManifest.xml:36:25-66
217
218                <category android:name="android.intent.category.DEFAULT" />
218-->[com.google.firebase:firebase-auth:22.3.1] AndroidManifest.xml:38:17-76
218-->[com.google.firebase:firebase-auth:22.3.1] AndroidManifest.xml:38:27-73
219                <category android:name="android.intent.category.BROWSABLE" />
219-->[com.google.firebase:firebase-auth:22.3.1] AndroidManifest.xml:39:17-78
219-->[com.google.firebase:firebase-auth:22.3.1] AndroidManifest.xml:39:27-75
220
221                <data
221-->src\main\AndroidManifest.xml:5:13-45
222                    android:host="firebase.auth"
223                    android:path="/"
224                    android:scheme="recaptcha" />
224-->src\main\AndroidManifest.xml:5:19-42
225            </intent-filter>
226        </activity>
227        <activity
227-->[com.facebook.android:facebook-common:17.0.0] AndroidManifest.xml:22:9-25:66
228            android:name="com.facebook.FacebookActivity"
228-->[com.facebook.android:facebook-common:17.0.0] AndroidManifest.xml:23:13-57
229            android:configChanges="keyboard|keyboardHidden|screenLayout|screenSize|orientation"
229-->[com.facebook.android:facebook-common:17.0.0] AndroidManifest.xml:24:13-96
230            android:theme="@style/com_facebook_activity_theme" />
230-->[com.facebook.android:facebook-common:17.0.0] AndroidManifest.xml:25:13-63
231        <activity android:name="com.facebook.CustomTabMainActivity" />
231-->[com.facebook.android:facebook-common:17.0.0] AndroidManifest.xml:26:9-71
231-->[com.facebook.android:facebook-common:17.0.0] AndroidManifest.xml:26:19-68
232        <activity
232-->[com.facebook.android:facebook-common:17.0.0] AndroidManifest.xml:27:9-41:20
233            android:name="com.facebook.CustomTabActivity"
233-->[com.facebook.android:facebook-common:17.0.0] AndroidManifest.xml:28:13-58
234            android:exported="true" >
234-->[com.facebook.android:facebook-common:17.0.0] AndroidManifest.xml:29:13-36
235            <intent-filter>
235-->[com.facebook.android:facebook-common:17.0.0] AndroidManifest.xml:31:13-40:29
236                <action android:name="android.intent.action.VIEW" />
236-->[com.google.firebase:firebase-auth:22.3.1] AndroidManifest.xml:36:17-69
236-->[com.google.firebase:firebase-auth:22.3.1] AndroidManifest.xml:36:25-66
237
238                <category android:name="android.intent.category.DEFAULT" />
238-->[com.google.firebase:firebase-auth:22.3.1] AndroidManifest.xml:38:17-76
238-->[com.google.firebase:firebase-auth:22.3.1] AndroidManifest.xml:38:27-73
239                <category android:name="android.intent.category.BROWSABLE" />
239-->[com.google.firebase:firebase-auth:22.3.1] AndroidManifest.xml:39:17-78
239-->[com.google.firebase:firebase-auth:22.3.1] AndroidManifest.xml:39:27-75
240
241                <data
241-->src\main\AndroidManifest.xml:5:13-45
242                    android:host="cct.com.example.e_commerce"
243                    android:scheme="fbconnect" />
243-->src\main\AndroidManifest.xml:5:19-42
244            </intent-filter>
245        </activity>
246
247        <receiver
247-->[com.google.firebase:firebase-messaging:23.4.1] AndroidManifest.xml:29:9-40:20
248            android:name="com.google.firebase.iid.FirebaseInstanceIdReceiver"
248-->[com.google.firebase:firebase-messaging:23.4.1] AndroidManifest.xml:30:13-78
249            android:exported="true"
249-->[com.google.firebase:firebase-messaging:23.4.1] AndroidManifest.xml:31:13-36
250            android:permission="com.google.android.c2dm.permission.SEND" >
250-->[com.google.firebase:firebase-messaging:23.4.1] AndroidManifest.xml:32:13-73
251            <intent-filter>
251-->[:firebase_messaging] AndroidManifest.xml:32:13-34:29
252                <action android:name="com.google.android.c2dm.intent.RECEIVE" />
252-->[:firebase_messaging] AndroidManifest.xml:33:17-81
252-->[:firebase_messaging] AndroidManifest.xml:33:25-78
253            </intent-filter>
254
255            <meta-data
255-->[com.google.firebase:firebase-messaging:23.4.1] AndroidManifest.xml:37:13-39:40
256                android:name="com.google.android.gms.cloudmessaging.FINISHED_AFTER_HANDLED"
256-->[com.google.firebase:firebase-messaging:23.4.1] AndroidManifest.xml:38:17-92
257                android:value="true" />
257-->[com.google.firebase:firebase-messaging:23.4.1] AndroidManifest.xml:39:17-37
258        </receiver>
259        <!--
260             FirebaseMessagingService performs security checks at runtime,
261             but set to not exported to explicitly avoid allowing another app to call it.
262        -->
263        <service
263-->[com.google.firebase:firebase-messaging:23.4.1] AndroidManifest.xml:46:9-53:19
264            android:name="com.google.firebase.messaging.FirebaseMessagingService"
264-->[com.google.firebase:firebase-messaging:23.4.1] AndroidManifest.xml:47:13-82
265            android:directBootAware="true"
265-->[com.google.firebase:firebase-messaging:23.4.1] AndroidManifest.xml:48:13-43
266            android:exported="false" >
266-->[com.google.firebase:firebase-messaging:23.4.1] AndroidManifest.xml:49:13-37
267            <intent-filter android:priority="-500" >
267-->[:firebase_messaging] AndroidManifest.xml:23:13-25:29
268                <action android:name="com.google.firebase.MESSAGING_EVENT" />
268-->[:firebase_messaging] AndroidManifest.xml:24:17-78
268-->[:firebase_messaging] AndroidManifest.xml:24:25-75
269            </intent-filter>
270        </service>
271
272        <activity
272-->[com.google.android.gms:play-services-base:18.0.1] AndroidManifest.xml:20:9-22:45
273            android:name="com.google.android.gms.common.api.GoogleApiActivity"
273-->[com.google.android.gms:play-services-base:18.0.1] AndroidManifest.xml:20:19-85
274            android:exported="false"
274-->[com.google.android.gms:play-services-base:18.0.1] AndroidManifest.xml:22:19-43
275            android:theme="@android:style/Theme.Translucent.NoTitleBar" />
275-->[com.google.android.gms:play-services-base:18.0.1] AndroidManifest.xml:21:19-78
276
277        <provider
277-->[com.google.firebase:firebase-common:20.4.3] AndroidManifest.xml:23:9-28:39
278            android:name="com.google.firebase.provider.FirebaseInitProvider"
278-->[com.google.firebase:firebase-common:20.4.3] AndroidManifest.xml:24:13-77
279            android:authorities="com.example.e_commerce.firebaseinitprovider"
279-->[com.google.firebase:firebase-common:20.4.3] AndroidManifest.xml:25:13-72
280            android:directBootAware="true"
280-->[com.google.firebase:firebase-common:20.4.3] AndroidManifest.xml:26:13-43
281            android:exported="false"
281-->[com.google.firebase:firebase-common:20.4.3] AndroidManifest.xml:27:13-37
282            android:initOrder="100" />
282-->[com.google.firebase:firebase-common:20.4.3] AndroidManifest.xml:28:13-36
283        <!--
284         The initialization ContentProvider will call FacebookSdk.sdkInitialize automatically
285         with the application context. This config is merged in with the host app's manifest,
286         but there can only be one provider with the same authority activated at any given
287         point; so if the end user has two or more different apps that use Facebook SDK, only the
288         first one will be able to use the provider. To work around this problem, we use the
289         following placeholder in the authority to identify each host application as if it was
290         a completely different provider.
291        -->
292        <provider
292-->[com.facebook.android:facebook-core:17.0.0] AndroidManifest.xml:29:9-32:40
293            android:name="com.facebook.internal.FacebookInitProvider"
293-->[com.facebook.android:facebook-core:17.0.0] AndroidManifest.xml:30:13-70
294            android:authorities="com.example.e_commerce.FacebookInitProvider"
294-->[com.facebook.android:facebook-core:17.0.0] AndroidManifest.xml:31:13-72
295            android:exported="false" />
295-->[com.facebook.android:facebook-core:17.0.0] AndroidManifest.xml:32:13-37
296
297        <receiver
297-->[com.facebook.android:facebook-core:17.0.0] AndroidManifest.xml:34:9-40:20
298            android:name="com.facebook.CurrentAccessTokenExpirationBroadcastReceiver"
298-->[com.facebook.android:facebook-core:17.0.0] AndroidManifest.xml:35:13-86
299            android:exported="false" >
299-->[com.facebook.android:facebook-core:17.0.0] AndroidManifest.xml:36:13-37
300            <intent-filter>